android/app/build/intermediates/manifest_merge_blame_file/release/manifest-merger-blame-release-report.txt
1<?xml version="1.0" encoding="utf-8"?>
2<manifest xmlns:android="http://schemas.android.com/apk/res/android"
3    package="com.mmpbmsappeng"
4    android:versionCode="14"
5    android:versionName="1.3.1" >
6
7    <uses-sdk
8        android:minSdkVersion="21"
8-->src\main\AndroidManifest.xml
9        android:targetSdkVersion="30" />
9-->src\main\AndroidManifest.xml
10
11    <uses-permission android:name="android.permission.INTERNET" />
11-->src\main\AndroidManifest.xml:4:5-67
11-->src\main\AndroidManifest.xml:4:22-64
12    <uses-permission android:name="android.permission.SYSTEM_ALERT_WINDOW" />
12-->src\main\AndroidManifest.xml:5:5-77
12-->src\main\AndroidManifest.xml:5:22-75
13    <uses-permission android:name="android.permission.CAMERA" />
13-->src\main\AndroidManifest.xml:6:5-65
13-->src\main\AndroidManifest.xml:6:22-62
14    <uses-permission android:name="android.permission.READ_EXTERNAL_STORAGE" />
14-->src\main\AndroidManifest.xml:7:5-80
14-->src\main\AndroidManifest.xml:7:22-77
15    <uses-permission android:name="android.permission.WRITE_EXTERNAL_STORAGE" />
15-->src\main\AndroidManifest.xml:8:5-80
15-->src\main\AndroidManifest.xml:8:22-78
16    <uses-permission android:name="android.permission.DOWNLOAD_WITHOUT_NOTIFICATION" />
16-->src\main\AndroidManifest.xml:9:5-88
16-->src\main\AndroidManifest.xml:9:22-85
17    <uses-permission android:name="android.permission.VIBRATE" />
17-->src\main\AndroidManifest.xml:10:5-65
17-->src\main\AndroidManifest.xml:10:22-63
18    <uses-permission android:name="android.permission.ACCESS_FINE_LOCATION" />
18-->src\main\AndroidManifest.xml:11:5-78
18-->src\main\AndroidManifest.xml:11:22-76
19    <uses-permission android:name="android.permission.ACCESS_COARSE_LOCATION" />
19-->src\main\AndroidManifest.xml:12:5-80
19-->src\main\AndroidManifest.xml:12:22-78
20    <uses-permission android:name="android.permission.FOREGROUND_SERVICE" />
20-->src\main\AndroidManifest.xml:13:5-76
20-->src\main\AndroidManifest.xml:13:22-74
21    <uses-permission android:name="android.permission.RECEIVE_BOOT_COMPLETED" />
21-->src\main\AndroidManifest.xml:14:5-80
21-->src\main\AndroidManifest.xml:14:22-78
22    <uses-permission android:name="android.permission.ACCESS_NETWORK_STATE" />
22-->src\main\AndroidManifest.xml:15:5-79
22-->src\main\AndroidManifest.xml:15:22-76
23
24    <uses-feature android:name="android.hardware.camera" />
24-->src\main\AndroidManifest.xml:16:5-60
24-->src\main\AndroidManifest.xml:16:19-57
25    <uses-feature android:name="android.hardware.camera.autofocus" />
25-->src\main\AndroidManifest.xml:17:5-70
25-->src\main\AndroidManifest.xml:17:19-67
26
27    <uses-permission android:name="android.permission.WAKE_LOCK" />
27-->[:react-native-background-job] AndroidManifest.xml:11:5-68
27-->[:react-native-background-job] AndroidManifest.xml:11:22-65
28    <uses-permission android:name="android.permission.ACCESS_WIFI_STATE" /> <!-- Create a unique permission for your app and use it so only your app can receive your OneSignal messages. -->
28-->[:react-native-community_netinfo] AndroidManifest.xml:10:5-76
28-->[:react-native-community_netinfo] AndroidManifest.xml:10:22-73
29    <permission
29-->[com.onesignal:OneSignal:4.8.10] AndroidManifest.xml:7:5-9:47
30        android:name="com.mmpbmsappeng.permission.C2D_MESSAGE"
30-->[com.onesignal:OneSignal:4.8.10] AndroidManifest.xml:8:9-63
31        android:protectionLevel="signature" />
31-->[com.onesignal:OneSignal:4.8.10] AndroidManifest.xml:9:9-44
32
33    <uses-permission android:name="com.mmpbmsappeng.permission.C2D_MESSAGE" /> <!-- OneSignal SDK has runtime checks Android version. -->
33-->[com.onesignal:OneSignal:4.8.10] AndroidManifest.xml:11:5-79
33-->[com.onesignal:OneSignal:4.8.10] AndroidManifest.xml:11:22-76
34    <!-- <uses-sdk tools:overrideLibrary="android.support.customtabs"/> -->
35    <!-- Required runtime permission to display notifications on Android 13 -->
36    <uses-permission android:name="android.permission.POST_NOTIFICATIONS" /> <!-- c2dm RECEIVE are basic requirements for push messages through Google's FCM -->
36-->[com.onesignal:OneSignal:4.8.10] AndroidManifest.xml:16:5-77
36-->[com.onesignal:OneSignal:4.8.10] AndroidManifest.xml:16:22-74
37    <uses-permission android:name="com.google.android.c2dm.permission.RECEIVE" /> <!-- START: ShortcutBadger -->
37-->[com.onesignal:OneSignal:4.8.10] AndroidManifest.xml:18:5-82
37-->[com.onesignal:OneSignal:4.8.10] AndroidManifest.xml:18:22-79
38    <!-- Samsung -->
39    <uses-permission android:name="com.sec.android.provider.badge.permission.READ" />
39-->[com.onesignal:OneSignal:4.8.10] AndroidManifest.xml:32:5-86
39-->[com.onesignal:OneSignal:4.8.10] AndroidManifest.xml:32:22-83
40    <uses-permission android:name="com.sec.android.provider.badge.permission.WRITE" /> <!-- HTC -->
40-->[com.onesignal:OneSignal:4.8.10] AndroidManifest.xml:33:5-87
40-->[com.onesignal:OneSignal:4.8.10] AndroidManifest.xml:33:22-84
41    <uses-permission android:name="com.htc.launcher.permission.READ_SETTINGS" />
41-->[com.onesignal:OneSignal:4.8.10] AndroidManifest.xml:34:5-81
41-->[com.onesignal:OneSignal:4.8.10] AndroidManifest.xml:34:22-78
42    <uses-permission android:name="com.htc.launcher.permission.UPDATE_SHORTCUT" /> <!-- Sony -->
42-->[com.onesignal:OneSignal:4.8.10] AndroidManifest.xml:35:5-83
42-->[com.onesignal:OneSignal:4.8.10] AndroidManifest.xml:35:22-80
43    <uses-permission android:name="com.sonyericsson.home.permission.BROADCAST_BADGE" />
43-->[com.onesignal:OneSignal:4.8.10] AndroidManifest.xml:36:5-88
43-->[com.onesignal:OneSignal:4.8.10] AndroidManifest.xml:36:22-85
44    <uses-permission android:name="com.sonymobile.home.permission.PROVIDER_INSERT_BADGE" /> <!-- Apex -->
44-->[com.onesignal:OneSignal:4.8.10] AndroidManifest.xml:37:5-92
44-->[com.onesignal:OneSignal:4.8.10] AndroidManifest.xml:37:22-89
45    <uses-permission android:name="com.anddoes.launcher.permission.UPDATE_COUNT" /> <!-- Solid -->
45-->[com.onesignal:OneSignal:4.8.10] AndroidManifest.xml:38:5-84
45-->[com.onesignal:OneSignal:4.8.10] AndroidManifest.xml:38:22-81
46    <uses-permission android:name="com.majeur.launcher.permission.UPDATE_BADGE" /> <!-- Huawei -->
46-->[com.onesignal:OneSignal:4.8.10] AndroidManifest.xml:39:5-83
46-->[com.onesignal:OneSignal:4.8.10] AndroidManifest.xml:39:22-80
47    <uses-permission android:name="com.huawei.android.launcher.permission.CHANGE_BADGE" />
47-->[com.onesignal:OneSignal:4.8.10] AndroidManifest.xml:40:5-91
47-->[com.onesignal:OneSignal:4.8.10] AndroidManifest.xml:40:22-88
48    <uses-permission android:name="com.huawei.android.launcher.permission.READ_SETTINGS" />
48-->[com.onesignal:OneSignal:4.8.10] AndroidManifest.xml:41:5-92
48-->[com.onesignal:OneSignal:4.8.10] AndroidManifest.xml:41:22-89
49    <uses-permission android:name="com.huawei.android.launcher.permission.WRITE_SETTINGS" /> <!-- ZUK -->
49-->[com.onesignal:OneSignal:4.8.10] AndroidManifest.xml:42:5-93
49-->[com.onesignal:OneSignal:4.8.10] AndroidManifest.xml:42:22-90
50    <uses-permission android:name="android.permission.READ_APP_BADGE" /> <!-- OPPO -->
50-->[com.onesignal:OneSignal:4.8.10] AndroidManifest.xml:43:5-73
50-->[com.onesignal:OneSignal:4.8.10] AndroidManifest.xml:43:22-70
51    <uses-permission android:name="com.oppo.launcher.permission.READ_SETTINGS" />
51-->[com.onesignal:OneSignal:4.8.10] AndroidManifest.xml:44:5-82
51-->[com.onesignal:OneSignal:4.8.10] AndroidManifest.xml:44:22-79
52    <uses-permission android:name="com.oppo.launcher.permission.WRITE_SETTINGS" /> <!-- EvMe -->
52-->[com.onesignal:OneSignal:4.8.10] AndroidManifest.xml:45:5-83
52-->[com.onesignal:OneSignal:4.8.10] AndroidManifest.xml:45:22-80
53    <uses-permission android:name="me.everything.badger.permission.BADGE_COUNT_READ" />
53-->[com.onesignal:OneSignal:4.8.10] AndroidManifest.xml:46:5-88
53-->[com.onesignal:OneSignal:4.8.10] AndroidManifest.xml:46:22-85
54    <uses-permission android:name="me.everything.badger.permission.BADGE_COUNT_WRITE" />
54-->[com.onesignal:OneSignal:4.8.10] AndroidManifest.xml:47:5-89
54-->[com.onesignal:OneSignal:4.8.10] AndroidManifest.xml:47:22-86
55    <uses-permission android:name="com.google.android.finsky.permission.BIND_GET_INSTALL_REFERRER_SERVICE" />
55-->[com.android.installreferrer:installreferrer:1.1.2] AndroidManifest.xml:9:5-110
55-->[com.android.installreferrer:installreferrer:1.1.2] AndroidManifest.xml:9:22-107
56
57    <application
57-->src\main\AndroidManifest.xml:19:5-73:19
58        android:name="com.mmpbmsappeng.MainApplication"
58-->src\main\AndroidManifest.xml:20:7-38
59        android:allowBackup="true"
59-->[:react-native-gps-state] AndroidManifest.xml:15:9-35
60        android:appComponentFactory="androidx.core.app.CoreComponentFactory"
60-->[androidx.core:core:1.6.0] AndroidManifest.xml:24:18-86
61        android:icon="@mipmap/ic_launcher"
61-->src\main\AndroidManifest.xml:22:7-41
62        android:label="@string/app_name"
62-->src\main\AndroidManifest.xml:21:7-39
63        android:requestLegacyExternalStorage="true"
63-->src\main\AndroidManifest.xml:27:7-50
64        android:roundIcon="@mipmap/ic_launcher_round"
64-->src\main\AndroidManifest.xml:23:7-52
65        android:supportsRtl="true"
65-->src\main\AndroidManifest.xml:24:7-33
66        android:theme="@style/AppTheme"
66-->src\main\AndroidManifest.xml:26:7-38
67        android:usesCleartextTraffic="true" >
67-->src\main\AndroidManifest.xml:25:7-42
68        <activity
68-->src\main\AndroidManifest.xml:28:7-44:18
69            android:name="com.mmpbmsappeng.MainActivity"
69-->src\main\AndroidManifest.xml:29:9-37
70            android:configChanges="keyboard|keyboardHidden|orientation|screenSize|uiMode"
70-->src\main\AndroidManifest.xml:31:9-86
71            android:label="@string/app_name"
71-->src\main\AndroidManifest.xml:30:9-41
72            android:launchMode="singleTask"
72-->src\main\AndroidManifest.xml:32:9-40
73            android:windowSoftInputMode="adjustResize" >
73-->src\main\AndroidManifest.xml:33:9-51
74            <intent-filter>
74-->src\main\AndroidManifest.xml:34:9-37:25
75                <action android:name="android.intent.action.MAIN" />
75-->src\main\AndroidManifest.xml:35:13-65
75-->src\main\AndroidManifest.xml:35:21-62
76
77                <category android:name="android.intent.category.LAUNCHER" />
77-->src\main\AndroidManifest.xml:36:13-73
77-->src\main\AndroidManifest.xml:36:23-70
78            </intent-filter>
79            <intent-filter>
79-->src\main\AndroidManifest.xml:38:9-43:21
80                <action android:name="android.intent.action.VIEW" />
80-->src\main\AndroidManifest.xml:39:9-61
80-->src\main\AndroidManifest.xml:39:17-58
81
82                <category android:name="android.intent.category.DEFAULT" />
82-->src\main\AndroidManifest.xml:40:9-68
82-->src\main\AndroidManifest.xml:40:19-65
83                <category android:name="android.intent.category.BROWSABLE" />
83-->src\main\AndroidManifest.xml:41:9-70
83-->src\main\AndroidManifest.xml:41:19-67
84
85                <data
85-->src\main\AndroidManifest.xml:42:9-57
86                    android:host="app"
86-->src\main\AndroidManifest.xml:42:15-33
87                    android:scheme="bms" />
87-->src\main\AndroidManifest.xml:42:34-54
88            </intent-filter>
89        </activity>
90        <activity android:name="com.facebook.react.devsupport.DevSettingsActivity" />
90-->src\main\AndroidManifest.xml:45:7-84
90-->src\main\AndroidManifest.xml:45:17-81
91        <!-- Change the value to true to enable pop-up for in foreground on receiving remote notifications (for prevent duplicating while showing local notifications set this to false) -->
92        <meta-data
92-->src\main\AndroidManifest.xml:47:9-48:44
93            android:name="com.dieam.reactnativepushnotification.notification_foreground"
93-->src\main\AndroidManifest.xml:47:21-97
94            android:value="false" />
94-->src\main\AndroidManifest.xml:48:21-42
95        <!-- Change the resource name to your App's accent color - or any other color you want -->
96        <meta-data
96-->src\main\AndroidManifest.xml:50:9-51:54
97            android:name="com.dieam.reactnativepushnotification.notification_color"
97-->src\main\AndroidManifest.xml:50:21-92
98            android:resource="@color/white" /> <!-- or @android:color/{name} to use a standard color -->
98-->src\main\AndroidManifest.xml:51:21-52
99        <meta-data
99-->src\main\AndroidManifest.xml:52:9-54:62
100            android:name="com.google.firebase.messaging.default_notification_icon"
100-->src\main\AndroidManifest.xml:53:5-75
101            android:resource="@drawable/ic_stat_onesignal_default" />
101-->src\main\AndroidManifest.xml:54:5-59
102
103        <receiver android:name="com.dieam.reactnativepushnotification.modules.RNPushNotificationActions" />
103-->src\main\AndroidManifest.xml:56:9-108
103-->src\main\AndroidManifest.xml:56:19-105
104        <receiver android:name="com.dieam.reactnativepushnotification.modules.RNPushNotificationPublisher" />
104-->src\main\AndroidManifest.xml:57:9-110
104-->src\main\AndroidManifest.xml:57:19-107
105        <receiver android:name="com.dieam.reactnativepushnotification.modules.RNPushNotificationBootEventReceiver" >
105-->src\main\AndroidManifest.xml:58:9-64:20
105-->src\main\AndroidManifest.xml:58:19-115
106            <intent-filter>
106-->src\main\AndroidManifest.xml:59:13-63:29
107                <action android:name="android.intent.action.BOOT_COMPLETED" />
107-->src\main\AndroidManifest.xml:60:17-79
107-->src\main\AndroidManifest.xml:60:25-76
108                <action android:name="android.intent.action.QUICKBOOT_POWERON" />
108-->src\main\AndroidManifest.xml:61:17-82
108-->src\main\AndroidManifest.xml:61:25-79
109                <action android:name="com.htc.intent.action.QUICKBOOT_POWERON" />
109-->src\main\AndroidManifest.xml:62:17-81
109-->src\main\AndroidManifest.xml:62:25-79
110            </intent-filter>
111        </receiver>
112
113        <service
113-->src\main\AndroidManifest.xml:66:9-72:19
114            android:name="com.dieam.reactnativepushnotification.modules.RNPushNotificationListenerService"
114-->src\main\AndroidManifest.xml:67:13-107
115            android:exported="false" >
115-->src\main\AndroidManifest.xml:68:13-37
116            <intent-filter>
116-->src\main\AndroidManifest.xml:69:13-71:29
117                <action android:name="com.google.firebase.MESSAGING_EVENT" />
117-->src\main\AndroidManifest.xml:70:17-78
117-->src\main\AndroidManifest.xml:70:25-75
118            </intent-filter>
119        </service>
120        <service
120-->[:react-native-background-job] AndroidManifest.xml:15:9-18:72
121            android:name="com.pilloxa.backgroundjob.BackgroundJob"
121-->[:react-native-background-job] AndroidManifest.xml:16:13-67
122            android:exported="true"
122-->[:react-native-background-job] AndroidManifest.xml:17:13-36
123            android:permission="android.permission.BIND_JOB_SERVICE" />
123-->[:react-native-background-job] AndroidManifest.xml:18:13-69
124        <service
124-->[:react-native-background-job] AndroidManifest.xml:19:9-21:38
125            android:name="com.pilloxa.backgroundjob.ExactJob"
125-->[:react-native-background-job] AndroidManifest.xml:20:13-62
126            android:enabled="true" />
126-->[:react-native-background-job] AndroidManifest.xml:21:13-35
127        <service
127-->[:react-native-background-job] AndroidManifest.xml:22:9-24:38
128            android:name="com.pilloxa.backgroundjob.ReactNativeEventStarter$MyHeadlessJsTaskService"
128-->[:react-native-background-job] AndroidManifest.xml:23:13-101
129            android:enabled="true" />
129-->[:react-native-background-job] AndroidManifest.xml:24:13-35
130
131        <provider
131-->[:react-native-image-picker] AndroidManifest.xml:10:9-18:20
132            android:name="com.imagepicker.FileProvider"
132-->[:react-native-image-picker] AndroidManifest.xml:11:13-56
133            android:authorities="com.mmpbmsappeng.provider"
133-->[:react-native-image-picker] AndroidManifest.xml:12:13-60
134            android:exported="false"
134-->[:react-native-image-picker] AndroidManifest.xml:13:13-37
135            android:grantUriPermissions="true" >
135-->[:react-native-image-picker] AndroidManifest.xml:14:13-47
136            <meta-data
136-->[:react-native-image-picker] AndroidManifest.xml:15:13-17:58
137                android:name="android.support.FILE_PROVIDER_PATHS"
137-->[:react-native-image-picker] AndroidManifest.xml:16:17-67
138                android:resource="@xml/provider_paths" />
138-->[:react-native-image-picker] AndroidManifest.xml:17:17-55
139        </provider>
140        <provider
140-->[:react-native-webview] AndroidManifest.xml:12:9-20:20
141            android:name="com.reactnativecommunity.webview.RNCWebViewFileProvider"
141-->[:react-native-webview] AndroidManifest.xml:13:13-83
142            android:authorities="com.mmpbmsappeng.fileprovider"
142-->[:react-native-webview] AndroidManifest.xml:14:13-64
143            android:exported="false"
143-->[:react-native-webview] AndroidManifest.xml:15:13-37
144            android:grantUriPermissions="true" >
144-->[:react-native-webview] AndroidManifest.xml:16:13-47
145            <meta-data
145-->[:react-native-image-picker] AndroidManifest.xml:15:13-17:58
146                android:name="android.support.FILE_PROVIDER_PATHS"
146-->[:react-native-image-picker] AndroidManifest.xml:16:17-67
147                android:resource="@xml/file_provider_paths" />
147-->[:react-native-image-picker] AndroidManifest.xml:17:17-55
148        </provider>
149
150        <receiver
150-->[com.onesignal:OneSignal:4.8.10] AndroidManifest.xml:50:9-61:20
151            android:name="com.onesignal.FCMBroadcastReceiver"
151-->[com.onesignal:OneSignal:4.8.10] AndroidManifest.xml:51:13-62
152            android:exported="true"
152-->[com.onesignal:OneSignal:4.8.10] AndroidManifest.xml:52:13-36
153            android:permission="com.google.android.c2dm.permission.SEND" >
153-->[com.onesignal:OneSignal:4.8.10] AndroidManifest.xml:53:13-73
154
155            <!-- High priority so OneSignal payloads can be filtered from other FCM receivers -->
156            <intent-filter android:priority="999" >
156-->[com.onesignal:OneSignal:4.8.10] AndroidManifest.xml:56:13-60:29
156-->[com.onesignal:OneSignal:4.8.10] AndroidManifest.xml:56:28-50
157                <action android:name="com.google.android.c2dm.intent.RECEIVE" />
157-->[com.onesignal:OneSignal:4.8.10] AndroidManifest.xml:57:17-81
157-->[com.onesignal:OneSignal:4.8.10] AndroidManifest.xml:57:25-78
158
159                <category android:name="com.mmpbmsappeng" />
159-->[com.onesignal:OneSignal:4.8.10] AndroidManifest.xml:59:17-61
159-->[com.onesignal:OneSignal:4.8.10] AndroidManifest.xml:59:27-58
160            </intent-filter>
161        </receiver>
162
163        <service
163-->[com.onesignal:OneSignal:4.8.10] AndroidManifest.xml:63:9-69:19
164            android:name="com.onesignal.HmsMessageServiceOneSignal"
164-->[com.onesignal:OneSignal:4.8.10] AndroidManifest.xml:64:13-68
165            android:exported="false" >
165-->[com.onesignal:OneSignal:4.8.10] AndroidManifest.xml:65:13-37
166            <intent-filter>
166-->[com.onesignal:OneSignal:4.8.10] AndroidManifest.xml:66:13-68:29
167                <action android:name="com.huawei.push.action.MESSAGING_EVENT" />
167-->[com.onesignal:OneSignal:4.8.10] AndroidManifest.xml:67:17-81
167-->[com.onesignal:OneSignal:4.8.10] AndroidManifest.xml:67:25-78
168            </intent-filter>
169        </service>
170
171        <activity
171-->[com.onesignal:OneSignal:4.8.10] AndroidManifest.xml:71:9-79:20
172            android:name="com.onesignal.NotificationOpenedActivityHMS"
172-->[com.onesignal:OneSignal:4.8.10] AndroidManifest.xml:72:13-71
173            android:exported="true"
173-->[com.onesignal:OneSignal:4.8.10] AndroidManifest.xml:73:13-36
174            android:noHistory="true"
174-->[com.onesignal:OneSignal:4.8.10] AndroidManifest.xml:74:13-37
175            android:theme="@android:style/Theme.Translucent.NoTitleBar" >
175-->[com.onesignal:OneSignal:4.8.10] AndroidManifest.xml:75:13-72
176            <intent-filter>
176-->[com.onesignal:OneSignal:4.8.10] AndroidManifest.xml:76:13-78:29
177                <action android:name="android.intent.action.VIEW" />
177-->src\main\AndroidManifest.xml:39:9-61
177-->src\main\AndroidManifest.xml:39:17-58
178            </intent-filter>
179        </activity>
180
181        <service
181-->[com.onesignal:OneSignal:4.8.10] AndroidManifest.xml:81:9-83:40
182            android:name="com.onesignal.FCMIntentService"
182-->[com.onesignal:OneSignal:4.8.10] AndroidManifest.xml:82:13-58
183            android:exported="false" />
183-->[com.onesignal:OneSignal:4.8.10] AndroidManifest.xml:83:13-37
184        <service
184-->[com.onesignal:OneSignal:4.8.10] AndroidManifest.xml:84:9-87:72
185            android:name="com.onesignal.FCMIntentJobService"
185-->[com.onesignal:OneSignal:4.8.10] AndroidManifest.xml:85:13-61
186            android:exported="false"
186-->[com.onesignal:OneSignal:4.8.10] AndroidManifest.xml:86:13-37
187            android:permission="android.permission.BIND_JOB_SERVICE" />
187-->[com.onesignal:OneSignal:4.8.10] AndroidManifest.xml:87:13-69
188        <service
188-->[com.onesignal:OneSignal:4.8.10] AndroidManifest.xml:88:9-91:43
189            android:name="com.onesignal.SyncService"
189-->[com.onesignal:OneSignal:4.8.10] AndroidManifest.xml:89:13-53
190            android:exported="false"
190-->[com.onesignal:OneSignal:4.8.10] AndroidManifest.xml:90:13-37
191            android:stopWithTask="true" />
191-->[com.onesignal:OneSignal:4.8.10] AndroidManifest.xml:91:13-40
192        <service
192-->[com.onesignal:OneSignal:4.8.10] AndroidManifest.xml:92:9-95:72
193            android:name="com.onesignal.SyncJobService"
193-->[com.onesignal:OneSignal:4.8.10] AndroidManifest.xml:93:13-56
194            android:exported="false"
194-->[com.onesignal:OneSignal:4.8.10] AndroidManifest.xml:94:13-37
195            android:permission="android.permission.BIND_JOB_SERVICE" />
195-->[com.onesignal:OneSignal:4.8.10] AndroidManifest.xml:95:13-69
196
197        <activity
197-->[com.onesignal:OneSignal:4.8.10] AndroidManifest.xml:97:9-100:75
198            android:name="com.onesignal.PermissionsActivity"
198-->[com.onesignal:OneSignal:4.8.10] AndroidManifest.xml:98:13-61
199            android:exported="false"
199-->[com.onesignal:OneSignal:4.8.10] AndroidManifest.xml:99:13-37
200            android:theme="@android:style/Theme.Translucent.NoTitleBar" />
200-->[com.onesignal:OneSignal:4.8.10] AndroidManifest.xml:100:13-72
201
202        <receiver
202-->[com.onesignal:OneSignal:4.8.10] AndroidManifest.xml:102:9-104:39
203            android:name="com.onesignal.NotificationDismissReceiver"
203-->[com.onesignal:OneSignal:4.8.10] AndroidManifest.xml:103:13-69
204            android:exported="true" />
204-->[com.onesignal:OneSignal:4.8.10] AndroidManifest.xml:104:13-36
205        <receiver
205-->[com.onesignal:OneSignal:4.8.10] AndroidManifest.xml:105:9-112:20
206            android:name="com.onesignal.BootUpReceiver"
206-->[com.onesignal:OneSignal:4.8.10] AndroidManifest.xml:106:13-56
207            android:exported="true" >
207-->[com.onesignal:OneSignal:4.8.10] AndroidManifest.xml:107:13-36
208            <intent-filter>
208-->[com.onesignal:OneSignal:4.8.10] AndroidManifest.xml:108:13-111:29
209                <action android:name="android.intent.action.BOOT_COMPLETED" />
209-->src\main\AndroidManifest.xml:60:17-79
209-->src\main\AndroidManifest.xml:60:25-76
210                <action android:name="android.intent.action.QUICKBOOT_POWERON" />
210-->src\main\AndroidManifest.xml:61:17-82
210-->src\main\AndroidManifest.xml:61:25-79
211            </intent-filter>
212        </receiver>
213        <receiver
213-->[com.onesignal:OneSignal:4.8.10] AndroidManifest.xml:113:9-119:20
214            android:name="com.onesignal.UpgradeReceiver"
214-->[com.onesignal:OneSignal:4.8.10] AndroidManifest.xml:114:13-57
215            android:exported="true" >
215-->[com.onesignal:OneSignal:4.8.10] AndroidManifest.xml:115:13-36
216            <intent-filter>
216-->[com.onesignal:OneSignal:4.8.10] AndroidManifest.xml:116:13-118:29
217                <action android:name="android.intent.action.MY_PACKAGE_REPLACED" />
217-->[com.onesignal:OneSignal:4.8.10] AndroidManifest.xml:117:17-84
217-->[com.onesignal:OneSignal:4.8.10] AndroidManifest.xml:117:25-81
218            </intent-filter>
219        </receiver>
220
221        <activity
221-->[com.onesignal:OneSignal:4.8.10] AndroidManifest.xml:121:9-127:75
222            android:name="com.onesignal.NotificationOpenedReceiver"
222-->[com.onesignal:OneSignal:4.8.10] AndroidManifest.xml:122:13-68
223            android:excludeFromRecents="true"
223-->[com.onesignal:OneSignal:4.8.10] AndroidManifest.xml:123:13-46
224            android:exported="true"
224-->[com.onesignal:OneSignal:4.8.10] AndroidManifest.xml:124:13-36
225            android:noHistory="true"
225-->[com.onesignal:OneSignal:4.8.10] AndroidManifest.xml:125:13-37
226            android:taskAffinity=""
226-->[com.onesignal:OneSignal:4.8.10] AndroidManifest.xml:126:13-36
227            android:theme="@android:style/Theme.Translucent.NoTitleBar" />
227-->[com.onesignal:OneSignal:4.8.10] AndroidManifest.xml:127:13-72
228        <activity
228-->[com.onesignal:OneSignal:4.8.10] AndroidManifest.xml:128:9-133:75
229            android:name="com.onesignal.NotificationOpenedReceiverAndroid22AndOlder"
229-->[com.onesignal:OneSignal:4.8.10] AndroidManifest.xml:129:13-85
230            android:excludeFromRecents="true"
230-->[com.onesignal:OneSignal:4.8.10] AndroidManifest.xml:130:13-46
231            android:exported="true"
231-->[com.onesignal:OneSignal:4.8.10] AndroidManifest.xml:131:13-36
232            android:noHistory="true"
232-->[com.onesignal:OneSignal:4.8.10] AndroidManifest.xml:132:13-37
233            android:theme="@android:style/Theme.Translucent.NoTitleBar" />
233-->[com.onesignal:OneSignal:4.8.10] AndroidManifest.xml:133:13-72
234
235        <receiver
235-->[com.google.firebase:firebase-messaging:21.1.0] AndroidManifest.xml:28:9-35:20
236            android:name="com.google.firebase.iid.FirebaseInstanceIdReceiver"
236-->[com.google.firebase:firebase-messaging:21.1.0] AndroidManifest.xml:29:13-78
237            android:exported="true"
237-->[com.google.firebase:firebase-messaging:21.1.0] AndroidManifest.xml:30:13-36
238            android:permission="com.google.android.c2dm.permission.SEND" >
238-->[com.google.firebase:firebase-messaging:21.1.0] AndroidManifest.xml:31:13-73
239            <intent-filter>
239-->[com.google.firebase:firebase-messaging:21.1.0] AndroidManifest.xml:32:13-34:29
240                <action android:name="com.google.android.c2dm.intent.RECEIVE" />
240-->[com.onesignal:OneSignal:4.8.10] AndroidManifest.xml:57:17-81
240-->[com.onesignal:OneSignal:4.8.10] AndroidManifest.xml:57:25-78
241            </intent-filter>
242        </receiver>
243        <!--
244             FirebaseMessagingService performs security checks at runtime,
245             but set to not exported to explicitly avoid allowing another app to call it.
246        -->
247        <service
247-->[com.google.firebase:firebase-messaging:21.1.0] AndroidManifest.xml:41:9-48:19
248            android:name="com.google.firebase.messaging.FirebaseMessagingService"
248-->[com.google.firebase:firebase-messaging:21.1.0] AndroidManifest.xml:42:13-82
249            android:directBootAware="true"
249-->[com.google.firebase:firebase-messaging:21.1.0] AndroidManifest.xml:43:13-43
250            android:exported="false" >
250-->[com.google.firebase:firebase-messaging:21.1.0] AndroidManifest.xml:44:13-37
251            <intent-filter android:priority="-500" >
251-->src\main\AndroidManifest.xml:69:13-71:29
252                <action android:name="com.google.firebase.MESSAGING_EVENT" />
252-->src\main\AndroidManifest.xml:70:17-78
252-->src\main\AndroidManifest.xml:70:25-75
253            </intent-filter>
254        </service>
255        <service
255-->[com.google.firebase:firebase-messaging:21.1.0] AndroidManifest.xml:49:9-55:19
256            android:name="com.google.firebase.components.ComponentDiscoveryService"
256-->[com.google.firebase:firebase-messaging:21.1.0] AndroidManifest.xml:50:13-84
257            android:directBootAware="true"
257-->[com.google.firebase:firebase-common:19.5.0] AndroidManifest.xml:35:13-43
258            android:exported="false" >
258-->[com.google.firebase:firebase-messaging:21.1.0] AndroidManifest.xml:51:13-37
259            <meta-data
259-->[com.google.firebase:firebase-messaging:21.1.0] AndroidManifest.xml:52:13-54:85
260                android:name="com.google.firebase.components:com.google.firebase.messaging.FirebaseMessagingRegistrar"
260-->[com.google.firebase:firebase-messaging:21.1.0] AndroidManifest.xml:53:17-119
261                android:value="com.google.firebase.components.ComponentRegistrar" />
261-->[com.google.firebase:firebase-messaging:21.1.0] AndroidManifest.xml:54:17-82
262            <meta-data
262-->[com.google.firebase:firebase-datatransport:17.0.10] AndroidManifest.xml:28:13-30:85
263                android:name="com.google.firebase.components:com.google.firebase.datatransport.TransportRegistrar"
263-->[com.google.firebase:firebase-datatransport:17.0.10] AndroidManifest.xml:29:17-115
264                android:value="com.google.firebase.components.ComponentRegistrar" />
264-->[com.google.firebase:firebase-datatransport:17.0.10] AndroidManifest.xml:30:17-82
265            <meta-data
265-->[com.google.firebase:firebase-iid:21.1.0] AndroidManifest.xml:32:13-34:85
266                android:name="com.google.firebase.components:com.google.firebase.iid.Registrar"
266-->[com.google.firebase:firebase-iid:21.1.0] AndroidManifest.xml:33:17-96